<?xml version="1.0" encoding="UTF-8"?>
<testng-results ignored="0" total="1" passed="1" failed="0" skipped="0">
  <reporter-output>
  </reporter-output>
  <suite started-at="2020-06-11T10:48:30Z" name="sanitySuite" finished-at="2020-06-11T10:48:39Z" duration-ms="8258">
    <groups>
    </groups>
    <test started-at="2020-06-11T10:48:30Z" name="Test" finished-at="2020-06-11T10:48:39Z" duration-ms="8258">
      <class name="testNGTechArch.loginTechArch">
        <test-method is-config="true" signature="launchApp()[pri:0, instance:testNGTechArch.loginTechArch@201a4587]" started-at="2020-06-11T10:48:30Z" name="launchApp" finished-at="2020-06-11T10:48:38Z" duration-ms="7587" status="PASS">
          <reporter-output>
          </reporter-output>
        </test-method> <!-- launchApp -->
        <test-method signature="login()[pri:0, instance:testNGTechArch.loginTechArch@201a4587]" started-at="2020-06-11T10:48:38Z" name="login" finished-at="2020-06-11T10:48:38Z" duration-ms="513" status="PASS">
          <reporter-output>
          </reporter-output>
        </test-method> <!-- login -->
        <test-method is-config="true" signature="closeApp()[pri:0, instance:testNGTechArch.loginTechArch@201a4587]" started-at="2020-06-11T10:48:38Z" name="closeApp" finished-at="2020-06-11T10:48:39Z" duration-ms="126" status="PASS">
          <reporter-output>
          </reporter-output>
        </test-method> <!-- closeApp -->
      </class> <!-- testNGTechArch.loginTechArch -->
    </test> <!-- Test -->
  </suite> <!-- sanitySuite -->
</testng-results>
